<html>
<head>
<title>TestNG:  Test for the JJill application</title>
<link href="../testng.css" rel="stylesheet" type="text/css" />
<link href="../my-testng.css" rel="stylesheet" type="text/css" />

<style type="text/css">
.log { display: none;} 
.stack-trace { display: none;} 
</style>
<script type="text/javascript">
<!--
function flip(e) {
  current = e.style.display;
  if (current == 'block') {
    e.style.display = 'none';
    return 0;
  }
  else {
    e.style.display = 'block';
    return 1;
  }
}

function toggleBox(szDivId, elem, msg1, msg2)
{
  var res = -1;  if (document.getElementById) {
    res = flip(document.getElementById(szDivId));
  }
  else if (document.all) {
    // this is the way old msie versions work
    res = flip(document.all[szDivId]);
  }
  if(elem) {
    if(res == 0) elem.innerHTML = msg1; else elem.innerHTML = msg2;
  }

}

function toggleAllBoxes() {
  if (document.getElementsByTagName) {
    d = document.getElementsByTagName('div');
    for (i = 0; i < d.length; i++) {
      if (d[i].className == 'log') {
        flip(d[i]);
      }
    }
  }
}

// -->
</script>

</head>
<body>
<h2 align='center'>Test for the JJill application</h2><table border='1' align="center">
<tr>
<td>Tests passed/Failed/Skipped:</td><td>8/4/0</td>
</tr><tr>
<td>Started on:</td><td>Mon Feb 14 09:47:12 EST 2022</td>
</tr>
<tr><td>Total time:</td><td>896 seconds (896479 ms)</td>
</tr><tr>
<td>Included groups:</td><td>Production </td>
</tr><tr>
<td>Excluded groups:</td><td></td>
</tr>
</table><p/>
<small><i>(Hover the method name to see the test class name)</i></small><p/>
<table width='100%' border='1' class='invocation-failed'>
<tr><td colspan='4' align='center'><b>FAILED TESTS</b></td></tr>
<tr><td><b>Test method</b></td>
<td width="30%"><b>Exception</b></td>
<td width="10%"><b>Time (seconds)</b></td>
<td><b>Instance</b></td>
</tr>
<tr>
<td title='com.JJill.testcases.LoginTest.verifyCompletetheLook()'><b>verifyCompletetheLook</b><br>Test class: com.JJill.testcases.LoginTest<br/>
<a href="#Output-318794136" onClick='toggleBox("Output-318794136", this, "Show output", "Hide output");'>Show output</a>

<a href="#Output-318794136" onClick="toggleAllBoxes();">Show all outputs</a>
<div class='log' id="Output-318794136">
Fetch the useremail and password from the test data sheet and set it<br/>
Fetched the useremail and password from the test data sheet successfully<br/>
Enter Username and Password<br/>
Login Successful<br/>
Validating Complete the Look Functionality Started<br/>
</div>
</td>
<td><div><pre>org.openqa.selenium.NoSuchElementException: no such element: Unable to locate element: {&quot;method&quot;:&quot;xpath&quot;,&quot;selector&quot;:&quot;//p[contains(text(),&apos;complete the look&apos;)]&quot;}
  (Session info: chrome=98.0.4758.82)
For documentation on this error, please visit: https://www.seleniumhq.org/exceptions/no_such_element.html
Build info: version: &apos;3.141.59&apos;, revision: &apos;e82be7d358&apos;, time: &apos;2018-11-14T08:17:03&apos;
System info: host: &apos;QU1980&apos;, ip: &apos;10.0.0.249&apos;, os.name: &apos;Windows 10&apos;, os.arch: &apos;amd64&apos;, os.version: &apos;10.0&apos;, java.version: &apos;16.0.2&apos;
Driver info: org.openqa.selenium.chrome.ChromeDriver
Capabilities {acceptInsecureCerts: false, browserName: chrome, browserVersion: 98.0.4758.82, chrome: {chromedriverVersion: 97.0.4692.71 (adefa7837d02a..., userDataDir: C:\Users\NITKHI~1.KUT\AppDa...}, goog:chromeOptions: {debuggerAddress: localhost:54419}, javascriptEnabled: true, networkConnectionEnabled: false, pageLoadStrategy: normal, platform: WINDOWS, platformName: WINDOWS, proxy: Proxy(), setWindowRect: true, strictFileInteractability: false, timeouts: {implicit: 0, pageLoad: 300000, script: 30000}, unhandledPromptBehavior: dismiss and notify, webauthn:extension:credBlob: true, webauthn:extension:largeBlob: true, webauthn:virtualAuthenticators: true}
Session ID: eb87e53806d7976b9918574a2977e1fd
*** Element info: {Using=xpath, value=//p[contains(text(),&apos;complete the look&apos;)]}
	at org.openqa.selenium.remote.http.W3CHttpResponseCodec.createException(W3CHttpResponseCodec.java:187)
	at org.openqa.selenium.remote.http.W3CHttpResponseCodec.decode(W3CHttpResponseCodec.java:122)
	at org.openqa.selenium.remote.http.W3CHttpResponseCodec.decode(W3CHttpResponseCodec.java:49)
	at org.openqa.selenium.remote.HttpCommandExecutor.execute(HttpCommandExecutor.java:158)
	at org.openqa.selenium.remote.service.DriverCommandExecutor.execute(DriverCommandExecutor.java:83)
	at org.openqa.selenium.remote.RemoteWebDriver.execute(RemoteWebDriver.java:552)
	at org.openqa.selenium.remote.RemoteWebDriver.findElement(RemoteWebDriver.java:323)
	at org.openqa.selenium.remote.RemoteWebDriver.findElementByXPath(RemoteWebDriver.java:428)
	at org.openqa.selenium.By$ByXPath.findElement(By.java:353)
	at org.openqa.selenium.remote.RemoteWebDriver.findElement(RemoteWebDriver.java:315)
	at org.openqa.selenium.support.pagefactory.DefaultElementLocator.findElement(DefaultElementLocator.java:69)
	at org.openqa.selenium.support.pagefactory.internal.LocatingElementHandler.invoke(LocatingElementHandler.java:38)
	at jdk.proxy2/jdk.proxy2.$Proxy11.isDisplayed(Unknown Source)
	at pages.AddProduct_CheckoutFunctionality.validateCompletetheLook(AddProduct_CheckoutFunctionality.java:1065)
	at com.JJill.testcases.LoginTest.verifyCompletetheLook(LoginTest.java:74)
... Removed 30 stack frames</pre></div><a href='#' onClick='toggleBox("stack-trace318794136", this, "Click to show all stack frames", "Click to hide stack frames")'>Click to show all stack frames</a>
<div class='stack-trace' id='stack-trace318794136'><pre>org.openqa.selenium.NoSuchElementException: no such element: Unable to locate element: {&quot;method&quot;:&quot;xpath&quot;,&quot;selector&quot;:&quot;//p[contains(text(),&apos;complete the look&apos;)]&quot;}
  (Session info: chrome=98.0.4758.82)
For documentation on this error, please visit: https://www.seleniumhq.org/exceptions/no_such_element.html
Build info: version: &apos;3.141.59&apos;, revision: &apos;e82be7d358&apos;, time: &apos;2018-11-14T08:17:03&apos;
System info: host: &apos;QU1980&apos;, ip: &apos;10.0.0.249&apos;, os.name: &apos;Windows 10&apos;, os.arch: &apos;amd64&apos;, os.version: &apos;10.0&apos;, java.version: &apos;16.0.2&apos;
Driver info: org.openqa.selenium.chrome.ChromeDriver
Capabilities {acceptInsecureCerts: false, browserName: chrome, browserVersion: 98.0.4758.82, chrome: {chromedriverVersion: 97.0.4692.71 (adefa7837d02a..., userDataDir: C:\Users\NITKHI~1.KUT\AppDa...}, goog:chromeOptions: {debuggerAddress: localhost:54419}, javascriptEnabled: true, networkConnectionEnabled: false, pageLoadStrategy: normal, platform: WINDOWS, platformName: WINDOWS, proxy: Proxy(), setWindowRect: true, strictFileInteractability: false, timeouts: {implicit: 0, pageLoad: 300000, script: 30000}, unhandledPromptBehavior: dismiss and notify, webauthn:extension:credBlob: true, webauthn:extension:largeBlob: true, webauthn:virtualAuthenticators: true}
Session ID: eb87e53806d7976b9918574a2977e1fd
*** Element info: {Using=xpath, value=//p[contains(text(),&apos;complete the look&apos;)]}
	at java.base/jdk.internal.reflect.NativeConstructorAccessorImpl.newInstance0(Native Method)
	at java.base/jdk.internal.reflect.NativeConstructorAccessorImpl.newInstance(NativeConstructorAccessorImpl.java:78)
	at java.base/jdk.internal.reflect.DelegatingConstructorAccessorImpl.newInstance(DelegatingConstructorAccessorImpl.java:45)
	at java.base/java.lang.reflect.Constructor.newInstanceWithCaller(Constructor.java:499)
	at java.base/java.lang.reflect.Constructor.newInstance(Constructor.java:480)
	at org.openqa.selenium.remote.http.W3CHttpResponseCodec.createException(W3CHttpResponseCodec.java:187)
	at org.openqa.selenium.remote.http.W3CHttpResponseCodec.decode(W3CHttpResponseCodec.java:122)
	at org.openqa.selenium.remote.http.W3CHttpResponseCodec.decode(W3CHttpResponseCodec.java:49)
	at org.openqa.selenium.remote.HttpCommandExecutor.execute(HttpCommandExecutor.java:158)
	at org.openqa.selenium.remote.service.DriverCommandExecutor.execute(DriverCommandExecutor.java:83)
	at org.openqa.selenium.remote.RemoteWebDriver.execute(RemoteWebDriver.java:552)
	at org.openqa.selenium.remote.RemoteWebDriver.findElement(RemoteWebDriver.java:323)
	at org.openqa.selenium.remote.RemoteWebDriver.findElementByXPath(RemoteWebDriver.java:428)
	at org.openqa.selenium.By$ByXPath.findElement(By.java:353)
	at org.openqa.selenium.remote.RemoteWebDriver.findElement(RemoteWebDriver.java:315)
	at org.openqa.selenium.support.pagefactory.DefaultElementLocator.findElement(DefaultElementLocator.java:69)
	at org.openqa.selenium.support.pagefactory.internal.LocatingElementHandler.invoke(LocatingElementHandler.java:38)
	at jdk.proxy2/jdk.proxy2.$Proxy11.isDisplayed(Unknown Source)
	at pages.AddProduct_CheckoutFunctionality.validateCompletetheLook(AddProduct_CheckoutFunctionality.java:1065)
	at com.JJill.testcases.LoginTest.verifyCompletetheLook(LoginTest.java:74)
	at java.base/jdk.internal.reflect.NativeMethodAccessorImpl.invoke0(Native Method)
	at java.base/jdk.internal.reflect.NativeMethodAccessorImpl.invoke(NativeMethodAccessorImpl.java:78)
	at java.base/jdk.internal.reflect.DelegatingMethodAccessorImpl.invoke(DelegatingMethodAccessorImpl.java:43)
	at java.base/java.lang.reflect.Method.invoke(Method.java:567)
	at org.testng.internal.MethodInvocationHelper.invokeMethod(MethodInvocationHelper.java:104)
	at org.testng.internal.Invoker.invokeMethod(Invoker.java:645)
	at org.testng.internal.Invoker.invokeTestMethod(Invoker.java:851)
	at org.testng.internal.Invoker.invokeTestMethods(Invoker.java:1177)
	at org.testng.internal.TestMethodWorker.invokeTestMethods(TestMethodWorker.java:129)
	at org.testng.internal.TestMethodWorker.run(TestMethodWorker.java:112)
	at org.testng.TestRunner.privateRun(TestRunner.java:756)
	at org.testng.TestRunner.run(TestRunner.java:610)
	at org.testng.SuiteRunner.runTest(SuiteRunner.java:387)
	at org.testng.SuiteRunner.runSequentially(SuiteRunner.java:382)
	at org.testng.SuiteRunner.privateRun(SuiteRunner.java:340)
	at org.testng.SuiteRunner.run(SuiteRunner.java:289)
	at org.testng.SuiteRunnerWorker.runSuite(SuiteRunnerWorker.java:52)
	at org.testng.SuiteRunnerWorker.run(SuiteRunnerWorker.java:86)
	at org.testng.TestNG.runSuitesSequentially(TestNG.java:1293)
	at org.testng.TestNG.runSuitesLocally(TestNG.java:1218)
	at org.testng.TestNG.runSuites(TestNG.java:1133)
	at org.testng.TestNG.run(TestNG.java:1104)
	at org.testng.remote.AbstractRemoteTestNG.run(AbstractRemoteTestNG.java:115)
	at org.testng.remote.RemoteTestNG.initAndRun(RemoteTestNG.java:251)
	at org.testng.remote.RemoteTestNG.main(RemoteTestNG.java:77)
</pre></div></td>
<td>33</td>
<td>com.JJill.testcases.LoginTest@7ee8290b</td></tr>
<tr>
<td title='com.JJill.testcases.LoginTest.verifyFooterFunctionality()'><b>verifyFooterFunctionality</b><br>Test class: com.JJill.testcases.LoginTest<br/>
<a href="#Output-1004862656" onClick='toggleBox("Output-1004862656", this, "Show output", "Hide output");'>Show output</a>

<a href="#Output-1004862656" onClick="toggleAllBoxes();">Show all outputs</a>
<div class='log' id="Output-1004862656">
Fetch the useremail and password from the test data sheet and set it<br/>
Fetched the useremail and password from the test data sheet successfully<br/>
Enter Username and Password<br/>
Login Successful<br/>
Validate Footer Functioanality<br/>
Validated Footer Functionality successfully<br/>
</div>
</td>
<td><div><pre>org.openqa.selenium.NoSuchElementException: no such element: Unable to locate element: {&quot;method&quot;:&quot;xpath&quot;,&quot;selector&quot;:&quot;//iframe[@frameborder=&apos;0&apos;]&quot;}
  (Session info: chrome=98.0.4758.82)
For documentation on this error, please visit: https://www.seleniumhq.org/exceptions/no_such_element.html
Build info: version: &apos;3.141.59&apos;, revision: &apos;e82be7d358&apos;, time: &apos;2018-11-14T08:17:03&apos;
System info: host: &apos;QU1980&apos;, ip: &apos;10.0.0.249&apos;, os.name: &apos;Windows 10&apos;, os.arch: &apos;amd64&apos;, os.version: &apos;10.0&apos;, java.version: &apos;16.0.2&apos;
Driver info: org.openqa.selenium.chrome.ChromeDriver
Capabilities {acceptInsecureCerts: false, browserName: chrome, browserVersion: 98.0.4758.82, chrome: {chromedriverVersion: 97.0.4692.71 (adefa7837d02a..., userDataDir: C:\Users\NITKHI~1.KUT\AppDa...}, goog:chromeOptions: {debuggerAddress: localhost:63446}, javascriptEnabled: true, networkConnectionEnabled: false, pageLoadStrategy: normal, platform: WINDOWS, platformName: WINDOWS, proxy: Proxy(), setWindowRect: true, strictFileInteractability: false, timeouts: {implicit: 0, pageLoad: 300000, script: 30000}, unhandledPromptBehavior: dismiss and notify, webauthn:extension:credBlob: true, webauthn:extension:largeBlob: true, webauthn:virtualAuthenticators: true}
Session ID: a199c77aab4ccb6ca8457175f77efc86
*** Element info: {Using=xpath, value=//iframe[@frameborder=&apos;0&apos;]}
	at org.openqa.selenium.remote.http.W3CHttpResponseCodec.createException(W3CHttpResponseCodec.java:187)
	at org.openqa.selenium.remote.http.W3CHttpResponseCodec.decode(W3CHttpResponseCodec.java:122)
	at org.openqa.selenium.remote.http.W3CHttpResponseCodec.decode(W3CHttpResponseCodec.java:49)
	at org.openqa.selenium.remote.HttpCommandExecutor.execute(HttpCommandExecutor.java:158)
	at org.openqa.selenium.remote.service.DriverCommandExecutor.execute(DriverCommandExecutor.java:83)
	at org.openqa.selenium.remote.RemoteWebDriver.execute(RemoteWebDriver.java:552)
	at org.openqa.selenium.remote.RemoteWebDriver.findElement(RemoteWebDriver.java:323)
	at org.openqa.selenium.remote.RemoteWebDriver.findElementByXPath(RemoteWebDriver.java:428)
	at org.openqa.selenium.By$ByXPath.findElement(By.java:353)
	at org.openqa.selenium.remote.RemoteWebDriver.findElement(RemoteWebDriver.java:315)
	at org.openqa.selenium.support.pagefactory.DefaultElementLocator.findElement(DefaultElementLocator.java:69)
	at org.openqa.selenium.support.pagefactory.internal.LocatingElementHandler.invoke(LocatingElementHandler.java:38)
	at jdk.proxy2/jdk.proxy2.$Proxy11.isDisplayed(Unknown Source)
	at pages.AddProduct_CheckoutFunctionality.validateFooter(AddProduct_CheckoutFunctionality.java:826)
	at com.JJill.testcases.LoginTest.verifyFooterFunctionality(LoginTest.java:113)
... Removed 30 stack frames</pre></div><a href='#' onClick='toggleBox("stack-trace1004862656", this, "Click to show all stack frames", "Click to hide stack frames")'>Click to show all stack frames</a>
<div class='stack-trace' id='stack-trace1004862656'><pre>org.openqa.selenium.NoSuchElementException: no such element: Unable to locate element: {&quot;method&quot;:&quot;xpath&quot;,&quot;selector&quot;:&quot;//iframe[@frameborder=&apos;0&apos;]&quot;}
  (Session info: chrome=98.0.4758.82)
For documentation on this error, please visit: https://www.seleniumhq.org/exceptions/no_such_element.html
Build info: version: &apos;3.141.59&apos;, revision: &apos;e82be7d358&apos;, time: &apos;2018-11-14T08:17:03&apos;
System info: host: &apos;QU1980&apos;, ip: &apos;10.0.0.249&apos;, os.name: &apos;Windows 10&apos;, os.arch: &apos;amd64&apos;, os.version: &apos;10.0&apos;, java.version: &apos;16.0.2&apos;
Driver info: org.openqa.selenium.chrome.ChromeDriver
Capabilities {acceptInsecureCerts: false, browserName: chrome, browserVersion: 98.0.4758.82, chrome: {chromedriverVersion: 97.0.4692.71 (adefa7837d02a..., userDataDir: C:\Users\NITKHI~1.KUT\AppDa...}, goog:chromeOptions: {debuggerAddress: localhost:63446}, javascriptEnabled: true, networkConnectionEnabled: false, pageLoadStrategy: normal, platform: WINDOWS, platformName: WINDOWS, proxy: Proxy(), setWindowRect: true, strictFileInteractability: false, timeouts: {implicit: 0, pageLoad: 300000, script: 30000}, unhandledPromptBehavior: dismiss and notify, webauthn:extension:credBlob: true, webauthn:extension:largeBlob: true, webauthn:virtualAuthenticators: true}
Session ID: a199c77aab4ccb6ca8457175f77efc86
*** Element info: {Using=xpath, value=//iframe[@frameborder=&apos;0&apos;]}
	at java.base/jdk.internal.reflect.NativeConstructorAccessorImpl.newInstance0(Native Method)
	at java.base/jdk.internal.reflect.NativeConstructorAccessorImpl.newInstance(NativeConstructorAccessorImpl.java:78)
	at java.base/jdk.internal.reflect.DelegatingConstructorAccessorImpl.newInstance(DelegatingConstructorAccessorImpl.java:45)
	at java.base/java.lang.reflect.Constructor.newInstanceWithCaller(Constructor.java:499)
	at java.base/java.lang.reflect.Constructor.newInstance(Constructor.java:480)
	at org.openqa.selenium.remote.http.W3CHttpResponseCodec.createException(W3CHttpResponseCodec.java:187)
	at org.openqa.selenium.remote.http.W3CHttpResponseCodec.decode(W3CHttpResponseCodec.java:122)
	at org.openqa.selenium.remote.http.W3CHttpResponseCodec.decode(W3CHttpResponseCodec.java:49)
	at org.openqa.selenium.remote.HttpCommandExecutor.execute(HttpCommandExecutor.java:158)
	at org.openqa.selenium.remote.service.DriverCommandExecutor.execute(DriverCommandExecutor.java:83)
	at org.openqa.selenium.remote.RemoteWebDriver.execute(RemoteWebDriver.java:552)
	at org.openqa.selenium.remote.RemoteWebDriver.findElement(RemoteWebDriver.java:323)
	at org.openqa.selenium.remote.RemoteWebDriver.findElementByXPath(RemoteWebDriver.java:428)
	at org.openqa.selenium.By$ByXPath.findElement(By.java:353)
	at org.openqa.selenium.remote.RemoteWebDriver.findElement(RemoteWebDriver.java:315)
	at org.openqa.selenium.support.pagefactory.DefaultElementLocator.findElement(DefaultElementLocator.java:69)
	at org.openqa.selenium.support.pagefactory.internal.LocatingElementHandler.invoke(LocatingElementHandler.java:38)
	at jdk.proxy2/jdk.proxy2.$Proxy11.isDisplayed(Unknown Source)
	at pages.AddProduct_CheckoutFunctionality.validateFooter(AddProduct_CheckoutFunctionality.java:826)
	at com.JJill.testcases.LoginTest.verifyFooterFunctionality(LoginTest.java:113)
	at java.base/jdk.internal.reflect.NativeMethodAccessorImpl.invoke0(Native Method)
	at java.base/jdk.internal.reflect.NativeMethodAccessorImpl.invoke(NativeMethodAccessorImpl.java:78)
	at java.base/jdk.internal.reflect.DelegatingMethodAccessorImpl.invoke(DelegatingMethodAccessorImpl.java:43)
	at java.base/java.lang.reflect.Method.invoke(Method.java:567)
	at org.testng.internal.MethodInvocationHelper.invokeMethod(MethodInvocationHelper.java:104)
	at org.testng.internal.Invoker.invokeMethod(Invoker.java:645)
	at org.testng.internal.Invoker.invokeTestMethod(Invoker.java:851)
	at org.testng.internal.Invoker.invokeTestMethods(Invoker.java:1177)
	at org.testng.internal.TestMethodWorker.invokeTestMethods(TestMethodWorker.java:129)
	at org.testng.internal.TestMethodWorker.run(TestMethodWorker.java:112)
	at org.testng.TestRunner.privateRun(TestRunner.java:756)
	at org.testng.TestRunner.run(TestRunner.java:610)
	at org.testng.SuiteRunner.runTest(SuiteRunner.java:387)
	at org.testng.SuiteRunner.runSequentially(SuiteRunner.java:382)
	at org.testng.SuiteRunner.privateRun(SuiteRunner.java:340)
	at org.testng.SuiteRunner.run(SuiteRunner.java:289)
	at org.testng.SuiteRunnerWorker.runSuite(SuiteRunnerWorker.java:52)
	at org.testng.SuiteRunnerWorker.run(SuiteRunnerWorker.java:86)
	at org.testng.TestNG.runSuitesSequentially(TestNG.java:1293)
	at org.testng.TestNG.runSuitesLocally(TestNG.java:1218)
	at org.testng.TestNG.runSuites(TestNG.java:1133)
	at org.testng.TestNG.run(TestNG.java:1104)
	at org.testng.remote.AbstractRemoteTestNG.run(AbstractRemoteTestNG.java:115)
	at org.testng.remote.RemoteTestNG.initAndRun(RemoteTestNG.java:251)
	at org.testng.remote.RemoteTestNG.main(RemoteTestNG.java:77)
</pre></div></td>
<td>32</td>
<td>com.JJill.testcases.LoginTest@7ee8290b</td></tr>
<tr>
<td title='com.JJill.testcases.LoginTest.verifyQuickLookFunctionality()'><b>verifyQuickLookFunctionality</b><br>Test class: com.JJill.testcases.LoginTest<br/>
<a href="#Output-371946608" onClick='toggleBox("Output-371946608", this, "Show output", "Hide output");'>Show output</a>

<a href="#Output-371946608" onClick="toggleAllBoxes();">Show all outputs</a>
<div class='log' id="Output-371946608">
Fetch the useremail and password from the test data sheet and set it<br/>
Fetched the useremail and password from the test data sheet successfully<br/>
Enter Username and Password<br/>
Login Successful<br/>
Select the department<br/>
Selected the department sucessfully<br/>
Select the quick look option on an Item<br/>
Quick look option is selected sucessfully on an Item<br/>
Validate quicklook screen<br/>
</div>
</td>
<td><div><pre>java.lang.AssertionError: expected [true] but found [false]
	at pages.AddProduct_CheckoutFunctionality.validateQuickLookScreen(AddProduct_CheckoutFunctionality.java:564)
	at com.JJill.testcases.LoginTest.verifyQuickLookFunctionality(LoginTest.java:122)
... Removed 31 stack frames</pre></div><a href='#' onClick='toggleBox("stack-trace371946608", this, "Click to show all stack frames", "Click to hide stack frames")'>Click to show all stack frames</a>
<div class='stack-trace' id='stack-trace371946608'><pre>java.lang.AssertionError: expected [true] but found [false]
	at org.testng.Assert.fail(Assert.java:94)
	at org.testng.Assert.failNotEquals(Assert.java:513)
	at org.testng.Assert.assertEqualsImpl(Assert.java:135)
	at org.testng.Assert.assertEquals(Assert.java:116)
	at org.testng.Assert.assertEquals(Assert.java:305)
	at org.testng.Assert.assertEquals(Assert.java:315)
	at pages.AddProduct_CheckoutFunctionality.validateQuickLookScreen(AddProduct_CheckoutFunctionality.java:564)
	at com.JJill.testcases.LoginTest.verifyQuickLookFunctionality(LoginTest.java:122)
	at java.base/jdk.internal.reflect.NativeMethodAccessorImpl.invoke0(Native Method)
	at java.base/jdk.internal.reflect.NativeMethodAccessorImpl.invoke(NativeMethodAccessorImpl.java:78)
	at java.base/jdk.internal.reflect.DelegatingMethodAccessorImpl.invoke(DelegatingMethodAccessorImpl.java:43)
	at java.base/java.lang.reflect.Method.invoke(Method.java:567)
	at org.testng.internal.MethodInvocationHelper.invokeMethod(MethodInvocationHelper.java:104)
	at org.testng.internal.Invoker.invokeMethod(Invoker.java:645)
	at org.testng.internal.Invoker.invokeTestMethod(Invoker.java:851)
	at org.testng.internal.Invoker.invokeTestMethods(Invoker.java:1177)
	at org.testng.internal.TestMethodWorker.invokeTestMethods(TestMethodWorker.java:129)
	at org.testng.internal.TestMethodWorker.run(TestMethodWorker.java:112)
	at org.testng.TestRunner.privateRun(TestRunner.java:756)
	at org.testng.TestRunner.run(TestRunner.java:610)
	at org.testng.SuiteRunner.runTest(SuiteRunner.java:387)
	at org.testng.SuiteRunner.runSequentially(SuiteRunner.java:382)
	at org.testng.SuiteRunner.privateRun(SuiteRunner.java:340)
	at org.testng.SuiteRunner.run(SuiteRunner.java:289)
	at org.testng.SuiteRunnerWorker.runSuite(SuiteRunnerWorker.java:52)
	at org.testng.SuiteRunnerWorker.run(SuiteRunnerWorker.java:86)
	at org.testng.TestNG.runSuitesSequentially(TestNG.java:1293)
	at org.testng.TestNG.runSuitesLocally(TestNG.java:1218)
	at org.testng.TestNG.runSuites(TestNG.java:1133)
	at org.testng.TestNG.run(TestNG.java:1104)
	at org.testng.remote.AbstractRemoteTestNG.run(AbstractRemoteTestNG.java:115)
	at org.testng.remote.RemoteTestNG.initAndRun(RemoteTestNG.java:251)
	at org.testng.remote.RemoteTestNG.main(RemoteTestNG.java:77)
</pre></div></td>
<td>19</td>
<td>com.JJill.testcases.LoginTest@7ee8290b</td></tr>
<tr>
<td title='com.JJill.testcases.LoginTest.verifySearchFunctionality()'><b>verifySearchFunctionality</b><br>Test class: com.JJill.testcases.LoginTest<br/>
<a href="#Output-2049630450" onClick='toggleBox("Output-2049630450", this, "Show output", "Hide output");'>Show output</a>

<a href="#Output-2049630450" onClick="toggleAllBoxes();">Show all outputs</a>
<div class='log' id="Output-2049630450">
Fetch the useremail and password from the test data sheet and set it<br/>
Fetched the useremail and password from the test data sheet successfully<br/>
Enter Username and Password<br/>
Login Successful<br/>
Validating the Search Functionality Started<br/>
</div>
</td>
<td><div><pre>org.openqa.selenium.ElementClickInterceptedException: element click intercepted: Element &lt;li class=&quot;jss255&quot;&gt;...&lt;/li&gt; is not clickable at point (1109, 209). Other element would receive the click: &lt;div id=&quot;fcopt-onsite-app-55248_modal&quot; class=&quot;fcopt_modal&quot;&gt;&lt;/div&gt;
  (Session info: chrome=98.0.4758.82)
Build info: version: &apos;3.141.59&apos;, revision: &apos;e82be7d358&apos;, time: &apos;2018-11-14T08:17:03&apos;
System info: host: &apos;QU1980&apos;, ip: &apos;10.0.0.249&apos;, os.name: &apos;Windows 10&apos;, os.arch: &apos;amd64&apos;, os.version: &apos;10.0&apos;, java.version: &apos;16.0.2&apos;
Driver info: org.openqa.selenium.chrome.ChromeDriver
Capabilities {acceptInsecureCerts: false, browserName: chrome, browserVersion: 98.0.4758.82, chrome: {chromedriverVersion: 97.0.4692.71 (adefa7837d02a..., userDataDir: C:\Users\NITKHI~1.KUT\AppDa...}, goog:chromeOptions: {debuggerAddress: localhost:50042}, javascriptEnabled: true, networkConnectionEnabled: false, pageLoadStrategy: normal, platform: WINDOWS, platformName: WINDOWS, proxy: Proxy(), setWindowRect: true, strictFileInteractability: false, timeouts: {implicit: 0, pageLoad: 300000, script: 30000}, unhandledPromptBehavior: dismiss and notify, webauthn:extension:credBlob: true, webauthn:extension:largeBlob: true, webauthn:virtualAuthenticators: true}
Session ID: 241d09adfeba37701b2fb08e6e25e378
	at org.openqa.selenium.remote.http.W3CHttpResponseCodec.createException(W3CHttpResponseCodec.java:187)
	at org.openqa.selenium.remote.http.W3CHttpResponseCodec.decode(W3CHttpResponseCodec.java:122)
	at org.openqa.selenium.remote.http.W3CHttpResponseCodec.decode(W3CHttpResponseCodec.java:49)
	at org.openqa.selenium.remote.HttpCommandExecutor.execute(HttpCommandExecutor.java:158)
	at org.openqa.selenium.remote.service.DriverCommandExecutor.execute(DriverCommandExecutor.java:83)
	at org.openqa.selenium.remote.RemoteWebDriver.execute(RemoteWebDriver.java:552)
	at org.openqa.selenium.remote.RemoteWebElement.execute(RemoteWebElement.java:285)
	at org.openqa.selenium.remote.RemoteWebElement.click(RemoteWebElement.java:84)
	at org.openqa.selenium.support.pagefactory.internal.LocatingElementHandler.invoke(LocatingElementHandler.java:51)
	at jdk.proxy2/jdk.proxy2.$Proxy11.click(Unknown Source)
	at pages.AddProduct_CheckoutFunctionality.validateSearchFunctionality(AddProduct_CheckoutFunctionality.java:1020)
	at com.JJill.testcases.LoginTest.verifySearchFunctionality(LoginTest.java:66)
... Removed 33 stack frames</pre></div><a href='#' onClick='toggleBox("stack-trace2049630450", this, "Click to show all stack frames", "Click to hide stack frames")'>Click to show all stack frames</a>
<div class='stack-trace' id='stack-trace2049630450'><pre>org.openqa.selenium.ElementClickInterceptedException: element click intercepted: Element &lt;li class=&quot;jss255&quot;&gt;...&lt;/li&gt; is not clickable at point (1109, 209). Other element would receive the click: &lt;div id=&quot;fcopt-onsite-app-55248_modal&quot; class=&quot;fcopt_modal&quot;&gt;&lt;/div&gt;
  (Session info: chrome=98.0.4758.82)
Build info: version: &apos;3.141.59&apos;, revision: &apos;e82be7d358&apos;, time: &apos;2018-11-14T08:17:03&apos;
System info: host: &apos;QU1980&apos;, ip: &apos;10.0.0.249&apos;, os.name: &apos;Windows 10&apos;, os.arch: &apos;amd64&apos;, os.version: &apos;10.0&apos;, java.version: &apos;16.0.2&apos;
Driver info: org.openqa.selenium.chrome.ChromeDriver
Capabilities {acceptInsecureCerts: false, browserName: chrome, browserVersion: 98.0.4758.82, chrome: {chromedriverVersion: 97.0.4692.71 (adefa7837d02a..., userDataDir: C:\Users\NITKHI~1.KUT\AppDa...}, goog:chromeOptions: {debuggerAddress: localhost:50042}, javascriptEnabled: true, networkConnectionEnabled: false, pageLoadStrategy: normal, platform: WINDOWS, platformName: WINDOWS, proxy: Proxy(), setWindowRect: true, strictFileInteractability: false, timeouts: {implicit: 0, pageLoad: 300000, script: 30000}, unhandledPromptBehavior: dismiss and notify, webauthn:extension:credBlob: true, webauthn:extension:largeBlob: true, webauthn:virtualAuthenticators: true}
Session ID: 241d09adfeba37701b2fb08e6e25e378
	at java.base/jdk.internal.reflect.NativeConstructorAccessorImpl.newInstance0(Native Method)
	at java.base/jdk.internal.reflect.NativeConstructorAccessorImpl.newInstance(NativeConstructorAccessorImpl.java:78)
	at java.base/jdk.internal.reflect.DelegatingConstructorAccessorImpl.newInstance(DelegatingConstructorAccessorImpl.java:45)
	at java.base/java.lang.reflect.Constructor.newInstanceWithCaller(Constructor.java:499)
	at java.base/java.lang.reflect.Constructor.newInstance(Constructor.java:480)
	at org.openqa.selenium.remote.http.W3CHttpResponseCodec.createException(W3CHttpResponseCodec.java:187)
	at org.openqa.selenium.remote.http.W3CHttpResponseCodec.decode(W3CHttpResponseCodec.java:122)
	at org.openqa.selenium.remote.http.W3CHttpResponseCodec.decode(W3CHttpResponseCodec.java:49)
	at org.openqa.selenium.remote.HttpCommandExecutor.execute(HttpCommandExecutor.java:158)
	at org.openqa.selenium.remote.service.DriverCommandExecutor.execute(DriverCommandExecutor.java:83)
	at org.openqa.selenium.remote.RemoteWebDriver.execute(RemoteWebDriver.java:552)
	at org.openqa.selenium.remote.RemoteWebElement.execute(RemoteWebElement.java:285)
	at org.openqa.selenium.remote.RemoteWebElement.click(RemoteWebElement.java:84)
	at jdk.internal.reflect.GeneratedMethodAccessor3.invoke(Unknown Source)
	at java.base/jdk.internal.reflect.DelegatingMethodAccessorImpl.invoke(DelegatingMethodAccessorImpl.java:43)
	at java.base/java.lang.reflect.Method.invoke(Method.java:567)
	at org.openqa.selenium.support.pagefactory.internal.LocatingElementHandler.invoke(LocatingElementHandler.java:51)
	at jdk.proxy2/jdk.proxy2.$Proxy11.click(Unknown Source)
	at pages.AddProduct_CheckoutFunctionality.validateSearchFunctionality(AddProduct_CheckoutFunctionality.java:1020)
	at com.JJill.testcases.LoginTest.verifySearchFunctionality(LoginTest.java:66)
	at java.base/jdk.internal.reflect.NativeMethodAccessorImpl.invoke0(Native Method)
	at java.base/jdk.internal.reflect.NativeMethodAccessorImpl.invoke(NativeMethodAccessorImpl.java:78)
	at java.base/jdk.internal.reflect.DelegatingMethodAccessorImpl.invoke(DelegatingMethodAccessorImpl.java:43)
	at java.base/java.lang.reflect.Method.invoke(Method.java:567)
	at org.testng.internal.MethodInvocationHelper.invokeMethod(MethodInvocationHelper.java:104)
	at org.testng.internal.Invoker.invokeMethod(Invoker.java:645)
	at org.testng.internal.Invoker.invokeTestMethod(Invoker.java:851)
	at org.testng.internal.Invoker.invokeTestMethods(Invoker.java:1177)
	at org.testng.internal.TestMethodWorker.invokeTestMethods(TestMethodWorker.java:129)
	at org.testng.internal.TestMethodWorker.run(TestMethodWorker.java:112)
	at org.testng.TestRunner.privateRun(TestRunner.java:756)
	at org.testng.TestRunner.run(TestRunner.java:610)
	at org.testng.SuiteRunner.runTest(SuiteRunner.java:387)
	at org.testng.SuiteRunner.runSequentially(SuiteRunner.java:382)
	at org.testng.SuiteRunner.privateRun(SuiteRunner.java:340)
	at org.testng.SuiteRunner.run(SuiteRunner.java:289)
	at org.testng.SuiteRunnerWorker.runSuite(SuiteRunnerWorker.java:52)
	at org.testng.SuiteRunnerWorker.run(SuiteRunnerWorker.java:86)
	at org.testng.TestNG.runSuitesSequentially(TestNG.java:1293)
	at org.testng.TestNG.runSuitesLocally(TestNG.java:1218)
	at org.testng.TestNG.runSuites(TestNG.java:1133)
	at org.testng.TestNG.run(TestNG.java:1104)
	at org.testng.remote.AbstractRemoteTestNG.run(AbstractRemoteTestNG.java:115)
	at org.testng.remote.RemoteTestNG.initAndRun(RemoteTestNG.java:251)
	at org.testng.remote.RemoteTestNG.main(RemoteTestNG.java:77)
</pre></div></td>
<td>9</td>
<td>com.JJill.testcases.LoginTest@7ee8290b</td></tr>
</table><p>
<table width='100%' border='1' class='invocation-passed'>
<tr><td colspan='4' align='center'><b>PASSED TESTS</b></td></tr>
<tr><td><b>Test method</b></td>
<td width="30%"><b>Exception</b></td>
<td width="10%"><b>Time (seconds)</b></td>
<td><b>Instance</b></td>
</tr>
<tr>
<td title='com.JJill.testcases.LoginTest.verifyForgotPasswordFunctionality()'><b>verifyForgotPasswordFunctionality</b><br>Test class: com.JJill.testcases.LoginTest<br/>
<a href="#Output-346049017" onClick='toggleBox("Output-346049017", this, "Show output", "Hide output");'>Show output</a>

<a href="#Output-346049017" onClick="toggleAllBoxes();">Show all outputs</a>
<div class='log' id="Output-346049017">
Fetch the useremail and password from the test data sheet and set it<br/>
Fetched the useremail and password from the test data sheet successfully<br/>
Enter Username<br/>
An Email has been sent sucessfully<br/>
</div>
</td>
<td></td>
<td>12</td>
<td>com.JJill.testcases.LoginTest@7ee8290b</td></tr>
<tr>
<td title='com.JJill.testcases.LoginTest.verifyHeaderFunctionality()'><b>verifyHeaderFunctionality</b><br>Test class: com.JJill.testcases.LoginTest<br/>
<a href="#Output-905159212" onClick='toggleBox("Output-905159212", this, "Show output", "Hide output");'>Show output</a>

<a href="#Output-905159212" onClick="toggleAllBoxes();">Show all outputs</a>
<div class='log' id="Output-905159212">
Fetch the useremail and password from the test data sheet and set it<br/>
Fetched the useremail and password from the test data sheet successfully<br/>
Enter Username and Password<br/>
Login Successful<br/>
Validate Header Functioanality<br/>
Validated Header Functionality successfully<br/>
Logging out of application<br/>
Logout successful<br/>
</div>
</td>
<td></td>
<td>8</td>
<td>com.JJill.testcases.LoginTest@7ee8290b</td></tr>
<tr>
<td title='com.JJill.testcases.LoginTest.verifyLoginInFunctionality()'><b>verifyLoginInFunctionality</b><br>Test class: com.JJill.testcases.LoginTest<br/>
<a href="#Output-372261610" onClick='toggleBox("Output-372261610", this, "Show output", "Hide output");'>Show output</a>

<a href="#Output-372261610" onClick="toggleAllBoxes();">Show all outputs</a>
<div class='log' id="Output-372261610">
Fetch the useremail and password from the test data sheet and set it<br/>
Fetched the useremail and password from the test data sheet successfully<br/>
Enter Username and Password<br/>
Login Successful<br/>
Logging out of application<br/>
Logout successful<br/>
</div>
</td>
<td></td>
<td>7</td>
<td>com.JJill.testcases.LoginTest@7ee8290b</td></tr>
<tr>
<td title='com.JJill.testcases.LoginTest.verifyMonetateBadging()'><b>verifyMonetateBadging</b><br>Test class: com.JJill.testcases.LoginTest<br/>
<a href="#Output-275448142" onClick='toggleBox("Output-275448142", this, "Show output", "Hide output");'>Show output</a>

<a href="#Output-275448142" onClick="toggleAllBoxes();">Show all outputs</a>
<div class='log' id="Output-275448142">
Fetch the useremail and password from the test data sheet and set it<br/>
Fetched the useremail and password from the test data sheet successfully<br/>
Enter Username and Password<br/>
Login Successful<br/>
Select the department<br/>
Selected the department sucessfully<br/>
Validate the Monetate Badging<br/>
Monetate Badging validated sucessfully<br/>
Logging out of application<br/>
Logout successful<br/>
</div>
</td>
<td></td>
<td>511</td>
<td>com.JJill.testcases.LoginTest@7ee8290b</td></tr>
<tr>
<td title='com.JJill.testcases.LoginTest.verifyPDPFunctionality()'><b>verifyPDPFunctionality</b><br>Test class: com.JJill.testcases.LoginTest<br/>
<a href="#Output-280400983" onClick='toggleBox("Output-280400983", this, "Show output", "Hide output");'>Show output</a>

<a href="#Output-280400983" onClick="toggleAllBoxes();">Show all outputs</a>
<div class='log' id="Output-280400983">
Fetch the useremail and password from the test data sheet and set it<br/>
Fetched the useremail and password from the test data sheet successfully<br/>
Enter Username and Password<br/>
Login Successful<br/>
Select the department<br/>
Selected the department sucessfully<br/>
Validating the PDP Started<br/>
PDP Validation Sucessful<br/>
Navigate to Home Page<br/>
Logging out of application<br/>
Logout successful<br/>
</div>
</td>
<td></td>
<td>43</td>
<td>com.JJill.testcases.LoginTest@7ee8290b</td></tr>
<tr>
<td title='com.JJill.testcases.LoginTest.verifyPLPFunctionality()'><b>verifyPLPFunctionality</b><br>Test class: com.JJill.testcases.LoginTest<br/>
<a href="#Output-573698551" onClick='toggleBox("Output-573698551", this, "Show output", "Hide output");'>Show output</a>

<a href="#Output-573698551" onClick="toggleAllBoxes();">Show all outputs</a>
<div class='log' id="Output-573698551">
Fetch the useremail and password from the test data sheet and set it<br/>
Fetched the useremail and password from the test data sheet successfully<br/>
Enter Username and Password<br/>
Login Successful<br/>
Select the department<br/>
Selected the department sucessfully<br/>
Validating the PLP Started<br/>
PLP Validation Sucessful<br/>
Logging out of application<br/>
Logout successful<br/>
</div>
</td>
<td></td>
<td>18</td>
<td>com.JJill.testcases.LoginTest@7ee8290b</td></tr>
<tr>
<td title='com.JJill.testcases.LoginTest.verifyPaginationFunctionality()'><b>verifyPaginationFunctionality</b><br>Test class: com.JJill.testcases.LoginTest<br/>
<a href="#Output-117559504" onClick='toggleBox("Output-117559504", this, "Show output", "Hide output");'>Show output</a>

<a href="#Output-117559504" onClick="toggleAllBoxes();">Show all outputs</a>
<div class='log' id="Output-117559504">
Fetch the useremail and password from the test data sheet and set it<br/>
Fetched the useremail and password from the test data sheet successfully<br/>
Enter Username and Password<br/>
Login Successful<br/>
Select the department<br/>
Selected the department sucessfully<br/>
Logging out of application<br/>
Logout successful<br/>
</div>
</td>
<td></td>
<td>74</td>
<td>com.JJill.testcases.LoginTest@7ee8290b</td></tr>
<tr>
<td title='com.JJill.testcases.LoginTest.verifyShoptheLook()'><b>verifyShoptheLook</b><br>Test class: com.JJill.testcases.LoginTest<br/>
<a href="#Output-1837019836" onClick='toggleBox("Output-1837019836", this, "Show output", "Hide output");'>Show output</a>

<a href="#Output-1837019836" onClick="toggleAllBoxes();">Show all outputs</a>
<div class='log' id="Output-1837019836">
Fetch the useremail and password from the test data sheet and set it<br/>
Fetched the useremail and password from the test data sheet successfully<br/>
Enter Username and Password<br/>
Login Successful<br/>
Select the department<br/>
Selected the department sucessfully<br/>
Adding STL item to Bag<br/>
Added STL item to Bag sucesfully<br/>
Logging out of STL page of the application<br/>
Logout of STL is successful<br/>
</div>
</td>
<td></td>
<td>48</td>
<td>com.JJill.testcases.LoginTest@7ee8290b</td></tr>
</table><p>
</body>
</html>