<?xml version="1.0" encoding="UTF-8"?>
<testng-results ignored="11" total="14" passed="1" failed="2" skipped="0">
  <reporter-output>
    <line>
      <![CDATA[Fetch the useremail and password from the test data sheet and set it]]>
    </line>
    <line>
      <![CDATA[Fetched the useremail and password from the test data sheet successfully]]>
    </line>
    <line>
      <![CDATA[Enter Username and Password]]>
    </line>
    <line>
      <![CDATA[Login Successful]]>
    </line>
    <line>
      <![CDATA[Select the department]]>
    </line>
    <line>
      <![CDATA[Selected the department sucessfully]]>
    </line>
    <line>
      <![CDATA[Adding STL item to Bag]]>
    </line>
    <line>
      <![CDATA[Fetch the useremail and password from the test data sheet and set it]]>
    </line>
    <line>
      <![CDATA[Fetched the useremail and password from the test data sheet successfully]]>
    </line>
    <line>
      <![CDATA[Enter Username and Password]]>
    </line>
    <line>
      <![CDATA[Login Successful]]>
    </line>
    <line>
      <![CDATA[Select the department]]>
    </line>
    <line>
      <![CDATA[Selected the department sucessfully]]>
    </line>
    <line>
      <![CDATA[Validate quicklook screen]]>
    </line>
    <line>
      <![CDATA[QL Bazaarvoice is not clickable]]>
    </line>
    <line>
      <![CDATA[Misses]]>
    </line>
    <line>
      <![CDATA[Petite]]>
    </line>
    <line>
      <![CDATA[Women's]]>
    </line>
    <line>
      <![CDATA[Fetch the useremail and password from the test data sheet and set it]]>
    </line>
    <line>
      <![CDATA[Fetched the useremail and password from the test data sheet successfully]]>
    </line>
    <line>
      <![CDATA[Enter Username]]>
    </line>
    <line>
      <![CDATA[An Email has been sent sucessfully]]>
    </line>
    <line>
      <![CDATA[Logging into Yahoo mail to check the Forgot Password email]]>
    </line>
    <line>
      <![CDATA[Fetch the useremail and password from the test data sheet and set it]]>
    </line>
    <line>
      <![CDATA[Fetched the useremail and password from the test data sheet successfully]]>
    </line>
    <line>
      <![CDATA[Enter Username and Password]]>
    </line>
    <line>
      <![CDATA[Logged into yahoo mail sucessfully]]>
    </line>
  </reporter-output>
  <suite started-at="2022-02-23T22:01:04Z" name="Failed suite [Failed suite [Failed suite [Failed suite [Failed suite [Failed suite [Failed suite [Failed suite [Failed suite [Failed suite [Failed suite [Failed suite [Testing JJill Application]]]]]]]]]]]]" finished-at="2022-02-23T22:11:51Z" duration-ms="646601">
    <groups>
      <group name="SmokeTest">
        <method signature="TestCases.verifyForgotPasswordFunctionality()[pri:12, instance:com.JJill.testcases.TestCases@7494f96a]" name="verifyForgotPasswordFunctionality" class="com.JJill.testcases.TestCases"/>
        <method signature="TestCases.verifyQuickLookFunctionality()[pri:11, instance:com.JJill.testcases.TestCases@7494f96a]" name="verifyQuickLookFunctionality" class="com.JJill.testcases.TestCases"/>
        <method signature="TestCases.verifyShoptheLook()[pri:0, instance:com.JJill.testcases.TestCases@7494f96a]" name="verifyShoptheLook" class="com.JJill.testcases.TestCases"/>
      </group> <!-- SmokeTest -->
      <group name="Production">
        <method signature="TestCases.verifyForgotPasswordFunctionality()[pri:12, instance:com.JJill.testcases.TestCases@7494f96a]" name="verifyForgotPasswordFunctionality" class="com.JJill.testcases.TestCases"/>
        <method signature="TestCases.verifyShoptheLook()[pri:0, instance:com.JJill.testcases.TestCases@7494f96a]" name="verifyShoptheLook" class="com.JJill.testcases.TestCases"/>
      </group> <!-- Production -->
    </groups>
    <test started-at="2022-02-23T22:01:04Z" name="Test for the JJill application(failed)(failed)(failed)(failed)(failed)(failed)(failed)(failed)(failed)(failed)(failed)(failed)" finished-at="2022-02-23T22:11:51Z" duration-ms="646601">
      <class name="com.JJill.testcases.TestCases">
        <test-method is-config="true" signature="setup()[pri:0, instance:com.JJill.testcases.TestCases@7494f96a]" started-at="2022-02-23T17:01:04Z" name="setup" finished-at="2022-02-23T17:01:10Z" duration-ms="5900" status="PASS">
          <reporter-output>
          </reporter-output>
        </test-method> <!-- setup -->
        <test-method signature="verifyShoptheLook()[pri:0, instance:com.JJill.testcases.TestCases@7494f96a]" started-at="2022-02-23T17:01:10Z" name="verifyShoptheLook" finished-at="2022-02-23T17:01:50Z" duration-ms="40012" status="FAIL">
          <exception class="org.openqa.selenium.NoSuchElementException">
            <message>
              <![CDATA[no such element: Unable to locate element: {"method":"xpath","selector":"(//span[@class='shop-link'])[2]"}
  (Session info: chrome=98.0.4758.102)
For documentation on this error, please visit: https://www.seleniumhq.org/exceptions/no_such_element.html
Build info: version: '3.141.59', revision: 'e82be7d358', time: '2018-11-14T08:17:03'
System info: host: 'QU1980', ip: '10.0.0.249', os.name: 'Windows 10', os.arch: 'amd64', os.version: '10.0', java.version: '16.0.2'
Driver info: org.openqa.selenium.chrome.ChromeDriver
Capabilities {acceptInsecureCerts: false, browserName: chrome, browserVersion: 98.0.4758.102, chrome: {chromedriverVersion: 97.0.4692.71 (adefa7837d02a..., userDataDir: C:\Users\NITKHI~1.KUT\AppDa...}, goog:chromeOptions: {debuggerAddress: localhost:59924}, javascriptEnabled: true, networkConnectionEnabled: false, pageLoadStrategy: normal, platform: WINDOWS, platformName: WINDOWS, proxy: Proxy(), setWindowRect: true, strictFileInteractability: false, timeouts: {implicit: 0, pageLoad: 300000, script: 30000}, unhandledPromptBehavior: dismiss and notify, webauthn:extension:credBlob: true, webauthn:extension:largeBlob: true, webauthn:virtualAuthenticators: true}
Session ID: 7f8ae171b0b06b055564bdd692c8cb89
*** Element info: {Using=xpath, value=(//span[@class='shop-link'])[2]}]]>
            </message>
            <full-stacktrace>
              <![CDATA[org.openqa.selenium.NoSuchElementException: no such element: Unable to locate element: {"method":"xpath","selector":"(//span[@class='shop-link'])[2]"}
  (Session info: chrome=98.0.4758.102)
For documentation on this error, please visit: https://www.seleniumhq.org/exceptions/no_such_element.html
Build info: version: '3.141.59', revision: 'e82be7d358', time: '2018-11-14T08:17:03'
System info: host: 'QU1980', ip: '10.0.0.249', os.name: 'Windows 10', os.arch: 'amd64', os.version: '10.0', java.version: '16.0.2'
Driver info: org.openqa.selenium.chrome.ChromeDriver
Capabilities {acceptInsecureCerts: false, browserName: chrome, browserVersion: 98.0.4758.102, chrome: {chromedriverVersion: 97.0.4692.71 (adefa7837d02a..., userDataDir: C:\Users\NITKHI~1.KUT\AppDa...}, goog:chromeOptions: {debuggerAddress: localhost:59924}, javascriptEnabled: true, networkConnectionEnabled: false, pageLoadStrategy: normal, platform: WINDOWS, platformName: WINDOWS, proxy: Proxy(), setWindowRect: true, strictFileInteractability: false, timeouts: {implicit: 0, pageLoad: 300000, script: 30000}, unhandledPromptBehavior: dismiss and notify, webauthn:extension:credBlob: true, webauthn:extension:largeBlob: true, webauthn:virtualAuthenticators: true}
Session ID: 7f8ae171b0b06b055564bdd692c8cb89
*** Element info: {Using=xpath, value=(//span[@class='shop-link'])[2]}
	at java.base/jdk.internal.reflect.NativeConstructorAccessorImpl.newInstance0(Native Method)
	at java.base/jdk.internal.reflect.NativeConstructorAccessorImpl.newInstance(NativeConstructorAccessorImpl.java:78)
	at java.base/jdk.internal.reflect.DelegatingConstructorAccessorImpl.newInstance(DelegatingConstructorAccessorImpl.java:45)
	at java.base/java.lang.reflect.Constructor.newInstanceWithCaller(Constructor.java:499)
	at java.base/java.lang.reflect.Constructor.newInstance(Constructor.java:480)
	at org.openqa.selenium.remote.http.W3CHttpResponseCodec.createException(W3CHttpResponseCodec.java:187)
	at org.openqa.selenium.remote.http.W3CHttpResponseCodec.decode(W3CHttpResponseCodec.java:122)
	at org.openqa.selenium.remote.http.W3CHttpResponseCodec.decode(W3CHttpResponseCodec.java:49)
	at org.openqa.selenium.remote.HttpCommandExecutor.execute(HttpCommandExecutor.java:158)
	at org.openqa.selenium.remote.service.DriverCommandExecutor.execute(DriverCommandExecutor.java:83)
	at org.openqa.selenium.remote.RemoteWebDriver.execute(RemoteWebDriver.java:552)
	at org.openqa.selenium.remote.RemoteWebDriver.findElement(RemoteWebDriver.java:323)
	at org.openqa.selenium.remote.RemoteWebDriver.findElementByXPath(RemoteWebDriver.java:428)
	at org.openqa.selenium.By$ByXPath.findElement(By.java:353)
	at org.openqa.selenium.remote.RemoteWebDriver.findElement(RemoteWebDriver.java:315)
	at org.openqa.selenium.support.pagefactory.DefaultElementLocator.findElement(DefaultElementLocator.java:69)
	at org.openqa.selenium.support.pagefactory.internal.LocatingElementHandler.invoke(LocatingElementHandler.java:38)
	at jdk.proxy2/jdk.proxy2.$Proxy12.click(Unknown Source)
	at pages.PLP_Search_CLT_STL_Functionality.validateSTLPlpPage(PLP_Search_CLT_STL_Functionality.java:291)
	at com.JJill.testcases.TestCases.verifyShoptheLook(TestCases.java:88)
	at java.base/jdk.internal.reflect.NativeMethodAccessorImpl.invoke0(Native Method)
	at java.base/jdk.internal.reflect.NativeMethodAccessorImpl.invoke(NativeMethodAccessorImpl.java:78)
	at java.base/jdk.internal.reflect.DelegatingMethodAccessorImpl.invoke(DelegatingMethodAccessorImpl.java:43)
	at java.base/java.lang.reflect.Method.invoke(Method.java:567)
	at org.testng.internal.MethodInvocationHelper.invokeMethod(MethodInvocationHelper.java:104)
	at org.testng.internal.Invoker.invokeMethod(Invoker.java:645)
	at org.testng.internal.Invoker.invokeTestMethod(Invoker.java:851)
	at org.testng.internal.Invoker.invokeTestMethods(Invoker.java:1177)
	at org.testng.internal.TestMethodWorker.invokeTestMethods(TestMethodWorker.java:129)
	at org.testng.internal.TestMethodWorker.run(TestMethodWorker.java:112)
	at org.testng.TestRunner.privateRun(TestRunner.java:756)
	at org.testng.TestRunner.run(TestRunner.java:610)
	at org.testng.SuiteRunner.runTest(SuiteRunner.java:387)
	at org.testng.SuiteRunner.runSequentially(SuiteRunner.java:382)
	at org.testng.SuiteRunner.privateRun(SuiteRunner.java:340)
	at org.testng.SuiteRunner.run(SuiteRunner.java:289)
	at org.testng.SuiteRunnerWorker.runSuite(SuiteRunnerWorker.java:52)
	at org.testng.SuiteRunnerWorker.run(SuiteRunnerWorker.java:86)
	at org.testng.TestNG.runSuitesSequentially(TestNG.java:1293)
	at org.testng.TestNG.runSuitesLocally(TestNG.java:1218)
	at org.testng.TestNG.runSuites(TestNG.java:1133)
	at org.testng.TestNG.run(TestNG.java:1104)
	at org.testng.remote.AbstractRemoteTestNG.run(AbstractRemoteTestNG.java:115)
	at org.testng.remote.RemoteTestNG.initAndRun(RemoteTestNG.java:251)
	at org.testng.remote.RemoteTestNG.main(RemoteTestNG.java:77)
]]>
            </full-stacktrace>
          </exception> <!-- org.openqa.selenium.NoSuchElementException -->
          <reporter-output>
            <line>
              <![CDATA[Fetch the useremail and password from the test data sheet and set it]]>
            </line>
            <line>
              <![CDATA[Fetched the useremail and password from the test data sheet successfully]]>
            </line>
            <line>
              <![CDATA[Enter Username and Password]]>
            </line>
            <line>
              <![CDATA[Login Successful]]>
            </line>
            <line>
              <![CDATA[Select the department]]>
            </line>
            <line>
              <![CDATA[Selected the department sucessfully]]>
            </line>
            <line>
              <![CDATA[Adding STL item to Bag]]>
            </line>
          </reporter-output>
        </test-method> <!-- verifyShoptheLook -->
        <test-method is-config="true" signature="tearDown()[pri:0, instance:com.JJill.testcases.TestCases@7494f96a]" started-at="2022-02-23T17:01:50Z" name="tearDown" finished-at="2022-02-23T17:01:50Z" duration-ms="195" status="PASS">
          <reporter-output>
          </reporter-output>
        </test-method> <!-- tearDown -->
        <test-method is-config="true" signature="setup()[pri:0, instance:com.JJill.testcases.TestCases@7494f96a]" started-at="2022-02-23T17:01:50Z" name="setup" finished-at="2022-02-23T17:01:55Z" duration-ms="5093" status="PASS">
          <reporter-output>
          </reporter-output>
        </test-method> <!-- setup -->
        <test-method signature="verifyQuickLookFunctionality()[pri:11, instance:com.JJill.testcases.TestCases@7494f96a]" started-at="2022-02-23T17:01:55Z" name="verifyQuickLookFunctionality" finished-at="2022-02-23T17:02:44Z" duration-ms="48468" status="FAIL">
          <exception class="org.openqa.selenium.NoSuchElementException">
            <message>
              <![CDATA[no such element: Unable to locate element: {"method":"xpath","selector":"(//div[@data-id='ProductOptionSelector'])[3]/div[3]/button"}
  (Session info: chrome=98.0.4758.102)
For documentation on this error, please visit: https://www.seleniumhq.org/exceptions/no_such_element.html
Build info: version: '3.141.59', revision: 'e82be7d358', time: '2018-11-14T08:17:03'
System info: host: 'QU1980', ip: '10.0.0.249', os.name: 'Windows 10', os.arch: 'amd64', os.version: '10.0', java.version: '16.0.2'
Driver info: org.openqa.selenium.chrome.ChromeDriver
Capabilities {acceptInsecureCerts: false, browserName: chrome, browserVersion: 98.0.4758.102, chrome: {chromedriverVersion: 97.0.4692.71 (adefa7837d02a..., userDataDir: C:\Users\NITKHI~1.KUT\AppDa...}, goog:chromeOptions: {debuggerAddress: localhost:60045}, javascriptEnabled: true, networkConnectionEnabled: false, pageLoadStrategy: normal, platform: WINDOWS, platformName: WINDOWS, proxy: Proxy(), setWindowRect: true, strictFileInteractability: false, timeouts: {implicit: 0, pageLoad: 300000, script: 30000}, unhandledPromptBehavior: dismiss and notify, webauthn:extension:credBlob: true, webauthn:extension:largeBlob: true, webauthn:virtualAuthenticators: true}
Session ID: 4e31725effe319471869ec967f43bb42
*** Element info: {Using=xpath, value=(//div[@data-id='ProductOptionSelector'])[3]/div[3]/button}]]>
            </message>
            <full-stacktrace>
              <![CDATA[org.openqa.selenium.NoSuchElementException: no such element: Unable to locate element: {"method":"xpath","selector":"(//div[@data-id='ProductOptionSelector'])[3]/div[3]/button"}
  (Session info: chrome=98.0.4758.102)
For documentation on this error, please visit: https://www.seleniumhq.org/exceptions/no_such_element.html
Build info: version: '3.141.59', revision: 'e82be7d358', time: '2018-11-14T08:17:03'
System info: host: 'QU1980', ip: '10.0.0.249', os.name: 'Windows 10', os.arch: 'amd64', os.version: '10.0', java.version: '16.0.2'
Driver info: org.openqa.selenium.chrome.ChromeDriver
Capabilities {acceptInsecureCerts: false, browserName: chrome, browserVersion: 98.0.4758.102, chrome: {chromedriverVersion: 97.0.4692.71 (adefa7837d02a..., userDataDir: C:\Users\NITKHI~1.KUT\AppDa...}, goog:chromeOptions: {debuggerAddress: localhost:60045}, javascriptEnabled: true, networkConnectionEnabled: false, pageLoadStrategy: normal, platform: WINDOWS, platformName: WINDOWS, proxy: Proxy(), setWindowRect: true, strictFileInteractability: false, timeouts: {implicit: 0, pageLoad: 300000, script: 30000}, unhandledPromptBehavior: dismiss and notify, webauthn:extension:credBlob: true, webauthn:extension:largeBlob: true, webauthn:virtualAuthenticators: true}
Session ID: 4e31725effe319471869ec967f43bb42
*** Element info: {Using=xpath, value=(//div[@data-id='ProductOptionSelector'])[3]/div[3]/button}
	at java.base/jdk.internal.reflect.NativeConstructorAccessorImpl.newInstance0(Native Method)
	at java.base/jdk.internal.reflect.NativeConstructorAccessorImpl.newInstance(NativeConstructorAccessorImpl.java:78)
	at java.base/jdk.internal.reflect.DelegatingConstructorAccessorImpl.newInstance(DelegatingConstructorAccessorImpl.java:45)
	at java.base/java.lang.reflect.Constructor.newInstanceWithCaller(Constructor.java:499)
	at java.base/java.lang.reflect.Constructor.newInstance(Constructor.java:480)
	at org.openqa.selenium.remote.http.W3CHttpResponseCodec.createException(W3CHttpResponseCodec.java:187)
	at org.openqa.selenium.remote.http.W3CHttpResponseCodec.decode(W3CHttpResponseCodec.java:122)
	at org.openqa.selenium.remote.http.W3CHttpResponseCodec.decode(W3CHttpResponseCodec.java:49)
	at org.openqa.selenium.remote.HttpCommandExecutor.execute(HttpCommandExecutor.java:158)
	at org.openqa.selenium.remote.service.DriverCommandExecutor.execute(DriverCommandExecutor.java:83)
	at org.openqa.selenium.remote.RemoteWebDriver.execute(RemoteWebDriver.java:552)
	at org.openqa.selenium.remote.RemoteWebDriver.findElement(RemoteWebDriver.java:323)
	at org.openqa.selenium.remote.RemoteWebDriver.findElementByXPath(RemoteWebDriver.java:428)
	at org.openqa.selenium.By$ByXPath.findElement(By.java:353)
	at org.openqa.selenium.remote.RemoteWebDriver.findElement(RemoteWebDriver.java:315)
	at org.openqa.selenium.support.pagefactory.DefaultElementLocator.findElement(DefaultElementLocator.java:69)
	at org.openqa.selenium.support.pagefactory.internal.LocatingElementHandler.invoke(LocatingElementHandler.java:38)
	at jdk.proxy2/jdk.proxy2.$Proxy12.isDisplayed(Unknown Source)
	at pages.PDP_QuickLook_Functionality.validateQuickLookScreen(PDP_QuickLook_Functionality.java:371)
	at com.JJill.testcases.TestCases.verifyQuickLookFunctionality(TestCases.java:142)
	at java.base/jdk.internal.reflect.NativeMethodAccessorImpl.invoke0(Native Method)
	at java.base/jdk.internal.reflect.NativeMethodAccessorImpl.invoke(NativeMethodAccessorImpl.java:78)
	at java.base/jdk.internal.reflect.DelegatingMethodAccessorImpl.invoke(DelegatingMethodAccessorImpl.java:43)
	at java.base/java.lang.reflect.Method.invoke(Method.java:567)
	at org.testng.internal.MethodInvocationHelper.invokeMethod(MethodInvocationHelper.java:104)
	at org.testng.internal.Invoker.invokeMethod(Invoker.java:645)
	at org.testng.internal.Invoker.invokeTestMethod(Invoker.java:851)
	at org.testng.internal.Invoker.invokeTestMethods(Invoker.java:1177)
	at org.testng.internal.TestMethodWorker.invokeTestMethods(TestMethodWorker.java:129)
	at org.testng.internal.TestMethodWorker.run(TestMethodWorker.java:112)
	at org.testng.TestRunner.privateRun(TestRunner.java:756)
	at org.testng.TestRunner.run(TestRunner.java:610)
	at org.testng.SuiteRunner.runTest(SuiteRunner.java:387)
	at org.testng.SuiteRunner.runSequentially(SuiteRunner.java:382)
	at org.testng.SuiteRunner.privateRun(SuiteRunner.java:340)
	at org.testng.SuiteRunner.run(SuiteRunner.java:289)
	at org.testng.SuiteRunnerWorker.runSuite(SuiteRunnerWorker.java:52)
	at org.testng.SuiteRunnerWorker.run(SuiteRunnerWorker.java:86)
	at org.testng.TestNG.runSuitesSequentially(TestNG.java:1293)
	at org.testng.TestNG.runSuitesLocally(TestNG.java:1218)
	at org.testng.TestNG.runSuites(TestNG.java:1133)
	at org.testng.TestNG.run(TestNG.java:1104)
	at org.testng.remote.AbstractRemoteTestNG.run(AbstractRemoteTestNG.java:115)
	at org.testng.remote.RemoteTestNG.initAndRun(RemoteTestNG.java:251)
	at org.testng.remote.RemoteTestNG.main(RemoteTestNG.java:77)
]]>
            </full-stacktrace>
          </exception> <!-- org.openqa.selenium.NoSuchElementException -->
          <reporter-output>
            <line>
              <![CDATA[Fetch the useremail and password from the test data sheet and set it]]>
            </line>
            <line>
              <![CDATA[Fetched the useremail and password from the test data sheet successfully]]>
            </line>
            <line>
              <![CDATA[Enter Username and Password]]>
            </line>
            <line>
              <![CDATA[Login Successful]]>
            </line>
            <line>
              <![CDATA[Select the department]]>
            </line>
            <line>
              <![CDATA[Selected the department sucessfully]]>
            </line>
            <line>
              <![CDATA[Validate quicklook screen]]>
            </line>
            <line>
              <![CDATA[QL Bazaarvoice is not clickable]]>
            </line>
            <line>
              <![CDATA[Misses]]>
            </line>
            <line>
              <![CDATA[Petite]]>
            </line>
            <line>
              <![CDATA[Women's]]>
            </line>
          </reporter-output>
        </test-method> <!-- verifyQuickLookFunctionality -->
        <test-method is-config="true" signature="tearDown()[pri:0, instance:com.JJill.testcases.TestCases@7494f96a]" started-at="2022-02-23T17:02:44Z" name="tearDown" finished-at="2022-02-23T17:02:44Z" duration-ms="267" status="PASS">
          <reporter-output>
          </reporter-output>
        </test-method> <!-- tearDown -->
        <test-method is-config="true" signature="setup()[pri:0, instance:com.JJill.testcases.TestCases@7494f96a]" started-at="2022-02-23T17:02:44Z" name="setup" finished-at="2022-02-23T17:02:49Z" duration-ms="5128" status="PASS">
          <reporter-output>
          </reporter-output>
        </test-method> <!-- setup -->
        <test-method signature="verifyForgotPasswordFunctionality()[pri:12, instance:com.JJill.testcases.TestCases@7494f96a]" started-at="2022-02-23T17:02:49Z" name="verifyForgotPasswordFunctionality" finished-at="2022-02-23T17:11:50Z" duration-ms="540600" status="PASS">
          <reporter-output>
            <line>
              <![CDATA[Fetch the useremail and password from the test data sheet and set it]]>
            </line>
            <line>
              <![CDATA[Fetched the useremail and password from the test data sheet successfully]]>
            </line>
            <line>
              <![CDATA[Enter Username]]>
            </line>
            <line>
              <![CDATA[An Email has been sent sucessfully]]>
            </line>
            <line>
              <![CDATA[Logging into Yahoo mail to check the Forgot Password email]]>
            </line>
            <line>
              <![CDATA[Fetch the useremail and password from the test data sheet and set it]]>
            </line>
            <line>
              <![CDATA[Fetched the useremail and password from the test data sheet successfully]]>
            </line>
            <line>
              <![CDATA[Enter Username and Password]]>
            </line>
            <line>
              <![CDATA[Logged into yahoo mail sucessfully]]>
            </line>
          </reporter-output>
        </test-method> <!-- verifyForgotPasswordFunctionality -->
        <test-method is-config="true" signature="tearDown()[pri:0, instance:com.JJill.testcases.TestCases@7494f96a]" started-at="2022-02-23T17:11:50Z" name="tearDown" finished-at="2022-02-23T17:11:50Z" duration-ms="430" status="PASS">
          <reporter-output>
          </reporter-output>
        </test-method> <!-- tearDown -->
        <test-method is-config="true" signature="closeAll()[pri:0, instance:com.JJill.testcases.TestCases@7494f96a]" started-at="2022-02-23T17:11:50Z" name="closeAll" finished-at="2022-02-23T17:11:51Z" duration-ms="467" status="PASS">
          <reporter-output>
          </reporter-output>
        </test-method> <!-- closeAll -->
      </class> <!-- com.JJill.testcases.TestCases -->
    </test> <!-- Test for the JJill application(failed)(failed)(failed)(failed)(failed)(failed)(failed)(failed)(failed)(failed)(failed)(failed) -->
  </suite> <!-- Failed suite [Failed suite [Failed suite [Failed suite [Failed suite [Failed suite [Failed suite [Failed suite [Failed suite [Failed suite [Failed suite [Failed suite [Testing JJill Application]]]]]]]]]]]] -->
</testng-results>
